  main.cpp
  particle.cpp
C:\Users\tom\Documents\programation\c++\projects\sandbox\sandbox\particle.cpp(22,23): warning C4311: 'cast de type' : troncation de pointeur de 'Particle *' à 'unsigned int'
C:\Users\tom\Documents\programation\c++\projects\sandbox\sandbox\particle.cpp(22,23): warning C4302: 'cast de type' : troncation de 'Particle *' à 'unsigned int'
C:\Users\tom\Documents\programation\c++\projects\sandbox\sandbox\particle.cpp(22,96): warning C4244: 'argument' : conversion de '__int64' en 'unsigned int', perte possible de données
C:\Users\tom\Documents\programation\c++\projects\sandbox\sandbox\particle.cpp(31,21): warning C4305: '=' : troncation de 'double' à 'float'
C:\Users\tom\Documents\programation\c++\projects\sandbox\sandbox\particle.cpp(35,14): warning C4244: 'initialisation' : conversion de 'double' en 'float', perte possible de données
C:\Users\tom\Documents\programation\c++\projects\sandbox\sandbox\particle.cpp(36,29): warning C4244: 'argument' : conversion de 'float' en 'sf::Uint8', perte possible de données
C:\Users\tom\Documents\programation\c++\projects\sandbox\sandbox\particle.cpp(36,23): warning C4244: 'argument' : conversion de 'float' en 'sf::Uint8', perte possible de données
C:\Users\tom\Documents\programation\c++\projects\sandbox\sandbox\particle.cpp(36,17): warning C4244: 'argument' : conversion de 'float' en 'sf::Uint8', perte possible de données
C:\Users\tom\Documents\programation\c++\projects\sandbox\sandbox\particle.cpp(39,12): warning C4244: 'initialisation' : conversion de 'double' en 'int', perte possible de données
C:\Users\tom\Documents\programation\c++\projects\sandbox\sandbox\particle.cpp(41,21): warning C4305: '=' : troncation de 'double' à 'float'
C:\Users\tom\Documents\programation\c++\projects\sandbox\sandbox\particle.cpp(45,17): warning C4305: '=' : troncation de 'double' à 'float'
C:\Users\tom\Documents\programation\c++\projects\sandbox\sandbox\particle.cpp(55,26): warning C4305: '=' : troncation de 'double' à 'float'
C:\Users\tom\Documents\programation\c++\projects\sandbox\sandbox\particle.cpp(56,17): warning C4305: '=' : troncation de 'double' à 'float'
C:\Users\tom\Documents\programation\c++\projects\sandbox\sandbox\particle.cpp(67,20): warning C4305: '=' : troncation de 'double' à 'float'
C:\Users\tom\Documents\programation\c++\projects\sandbox\sandbox\particle.cpp(73,20): warning C4305: '=' : troncation de 'double' à 'float'
C:\Users\tom\Documents\programation\c++\projects\sandbox\sandbox\particle.cpp(78,33): warning C4305: '=' : troncation de 'double' à 'float'
  simulation.cpp
C:\Users\tom\Documents\programation\c++\projects\sandbox\sandbox\simulation.cpp(23,23): warning C4311: 'cast de type' : troncation de pointeur de 'Simulation *' à 'unsigned int'
C:\Users\tom\Documents\programation\c++\projects\sandbox\sandbox\simulation.cpp(23,23): warning C4302: 'cast de type' : troncation de 'Simulation *' à 'unsigned int'
C:\Users\tom\Documents\programation\c++\projects\sandbox\sandbox\simulation.cpp(23,23): warning C4244: 'argument' : conversion de '__int64' en 'unsigned int', perte possible de données
C:\Users\tom\Documents\programation\c++\projects\sandbox\sandbox\simulation.cpp(74,44): warning C4267: 'argument' : conversion de 'size_t' en 'const int', perte possible de données
C:\Users\tom\Documents\programation\c++\projects\sandbox\sandbox\simulation.cpp(98,101): warning C4311: 'cast de type' : troncation de pointeur de '_Ty' à 'unsigned int'
          with
          [
              _Ty=Particle *
          ]
C:\Users\tom\Documents\programation\c++\projects\sandbox\sandbox\simulation.cpp(98,101): warning C4302: 'cast de type' : troncation de '_Ty' à 'unsigned int'
          with
          [
              _Ty=Particle *
          ]
C:\Users\tom\Documents\programation\c++\projects\sandbox\sandbox\simulation.cpp(295,30): warning C4244: '=' : conversion de 'float' en 'int', perte possible de données
  Génération de code en cours...
  sandbox.vcxproj -> C:\Users\tom\Documents\programation\c++\projects\sandbox\sandbox\x64\Debug\sandbox.exe
